<?xml version="1.0" encoding="UTF-8"?>
<testng-results ignored="0" total="1" passed="1" failed="0" skipped="0">
  <reporter-output>
  </reporter-output>
  <suite started-at="2022-06-28T16:15:22 BRT" name="All Test Suite" finished-at="2022-06-28T16:15:29 BRT" duration-ms="6938">
    <groups>
    </groups>
    <test started-at="2022-06-28T16:15:22 BRT" name="D:/java/selenium/criptocurrencysite" finished-at="2022-06-28T16:15:29 BRT" duration-ms="6938">
      <class name="tests.OpenBrowser">
        <test-method is-config="true" signature="setUp(java.lang.String)[pri:0, instance:tests.OpenBrowser@71809907]" started-at="2022-06-28T16:15:22 BRT" name="setUp" finished-at="2022-06-28T16:15:26 BRT" duration-ms="4213" status="PASS">
          <params>
            <param index="0">
              <value>
                <![CDATA[firefox]]>
              </value>
            </param>
          </params>
          <reporter-output>
          </reporter-output>
        </test-method> <!-- setUp -->
        <test-method signature="test1()[pri:0, instance:tests.OpenBrowser@71809907]" started-at="2022-06-28T16:15:26 BRT" name="test1" finished-at="2022-06-28T16:15:28 BRT" duration-ms="1634" status="PASS">
          <reporter-output>
          </reporter-output>
        </test-method> <!-- test1 -->
        <test-method is-config="true" signature="tearDown()[pri:0, instance:tests.OpenBrowser@71809907]" started-at="2022-06-28T16:15:28 BRT" name="tearDown" finished-at="2022-06-28T16:15:29 BRT" duration-ms="1056" status="PASS">
          <reporter-output>
          </reporter-output>
        </test-method> <!-- tearDown -->
      </class> <!-- tests.OpenBrowser -->
    </test> <!-- D:/java/selenium/criptocurrencysite -->
  </suite> <!-- All Test Suite -->
</testng-results>
